<?xml version="1.0" encoding="UTF-8"?>
<!-- Generated by org.testng.reporters.JUnitReportReporter -->
<testsuite skipped="0" hostname="Sharad-PC" name="com.qa.fractal_tests.AskFractal" tests="1" failures="0" timestamp="16 Apr 2018 03:25:28 GMT" time="18.106" errors="0">
  <testcase name="VerifyAskFractal" time="18.106" classname="com.qa.fractal_tests.AskFractal"/>
</testsuite> <!-- com.qa.fractal_tests.AskFractal -->
